Using pre-set license
Built from '2022.3/staging' branch; Version is '2022.3.4f1 (35713cd46cd7) revision 3502396'; Using compiler version '192829333'; Build Type 'Release'
OS: 'Windows 11  (10.0.22621) 64bit Education' Language: 'en' Physical Memory: 16309 MB
BatchMode: 1, IsHumanControllingUs: 0, StartBugReporterOnCrash: 0, Is64bit: 1, IsPro: 1

COMMAND LINE ARGUMENTS:
C:\Program Files\Unity\Hub\Editor\2022.3.4f1\Editor\Unity.exe
-adb2
-batchMode
-noUpm
-name
AssetImportWorker0
-projectPath
C:/Users/Student/My project (1)
-logFile
Logs/AssetImportWorker0.log
-srvPort
52099
Successfully changed project path to: C:/Users/Student/My project (1)
C:/Users/Student/My project (1)
[UnityMemory] Configuration Parameters - Can be set up in boot.config
    "memorysetup-bucket-allocator-granularity=16"
    "memorysetup-bucket-allocator-bucket-count=8"
    "memorysetup-bucket-allocator-block-size=33554432"
    "memorysetup-bucket-allocator-block-count=8"
    "memorysetup-main-allocator-block-size=16777216"
    "memorysetup-thread-allocator-block-size=16777216"
    "memorysetup-gfx-main-allocator-block-size=16777216"
    "memorysetup-gfx-thread-allocator-block-size=16777216"
    "memorysetup-cache-allocator-block-size=4194304"
    "memorysetup-typetree-allocator-block-size=2097152"
    "memorysetup-profiler-bucket-allocator-granularity=16"
    "memorysetup-profiler-bucket-allocator-bucket-count=8"
    "memorysetup-profiler-bucket-allocator-block-size=33554432"
    "memorysetup-profiler-bucket-allocator-block-count=8"
    "memorysetup-profiler-allocator-block-size=16777216"
    "memorysetup-profiler-editor-allocator-block-size=1048576"
    "memorysetup-temp-allocator-size-main=16777216"
    "memorysetup-job-temp-allocator-block-size=2097152"
    "memorysetup-job-temp-allocator-block-size-background=1048576"
    "memorysetup-job-temp-allocator-reduction-small-platforms=262144"
    "memorysetup-allocator-temp-initial-block-size-main=262144"
    "memorysetup-allocator-temp-initial-block-size-worker=262144"
    "memorysetup-temp-allocator-size-background-worker=32768"
    "memorysetup-temp-allocator-size-job-worker=262144"
    "memorysetup-temp-allocator-size-preload-manager=33554432"
    "memorysetup-temp-allocator-size-nav-mesh-worker=65536"
    "memorysetup-temp-allocator-size-audio-worker=65536"
    "memorysetup-temp-allocator-size-cloud-worker=32768"
    "memorysetup-temp-allocator-size-gi-baking-worker=262144"
    "memorysetup-temp-allocator-size-gfx=262144"
Player connection [3388] Host "[IP] 10.0.3.226 [Port] 0 [Flags] 2 [Guid] 2320382657 [EditorId] 2320382657 [Version] 1048832 [Id] WindowsEditor(7,CIIT602PC03) [Debug] 1 [PackageName] WindowsEditor [ProjectName] Editor" joined multi-casting on [225.0.0.222:54997]...

Player connection [3388] Host "[IP] 10.0.3.226 [Port] 0 [Flags] 2 [Guid] 2320382657 [EditorId] 2320382657 [Version] 1048832 [Id] WindowsEditor(7,CIIT602PC03) [Debug] 1 [PackageName] WindowsEditor [ProjectName] Editor" joined alternative multi-casting on [225.0.0.222:34997]...

Refreshing native plugins compatible for Editor in 6.29 ms, found 3 plugins.
Preloading 0 native plugins for Editor in 0.00 ms.
Initialize engine version: 2022.3.4f1 (35713cd46cd7)
[Subsystems] Discovering subsystems at path C:/Program Files/Unity/Hub/Editor/2022.3.4f1/Editor/Data/Resources/UnitySubsystems
[Subsystems] Discovering subsystems at path C:/Users/Student/My project (1)/Assets
GfxDevice: creating device client; threaded=0; jobified=0
Direct3D:
    Version:  Direct3D 11.0 [level 11.1]
    Renderer: NVIDIA GeForce RTX 3050 (ID=0x2507)
    Vendor:   NVIDIA
    VRAM:     8056 MB
    Driver:   31.0.15.3179
Initialize mono
Mono path[0] = 'C:/Program Files/Unity/Hub/Editor/2022.3.4f1/Editor/Data/Managed'
Mono path[1] = 'C:/Program Files/Unity/Hub/Editor/2022.3.4f1/Editor/Data/MonoBleedingEdge/lib/mono/unityjit-win32'
Mono config path = 'C:/Program Files/Unity/Hub/Editor/2022.3.4f1/Editor/Data/MonoBleedingEdge/etc'
Using monoOptions --debugger-agent=transport=dt_socket,embedding=1,server=y,suspend=n,address=127.0.0.1:56916
Begin MonoManager ReloadAssembly
Registering precompiled unity dll's ...
Register platform support module: C:/Program Files/Unity/Hub/Editor/2022.3.4f1/Editor/Data/PlaybackEngines/WebGLSupport/UnityEditor.WebGL.Extensions.dll
Register platform support module: C:/Program Files/Unity/Hub/Editor/2022.3.4f1/Editor/Data/PlaybackEngines/WindowsStandaloneSupport/UnityEditor.WindowsStandalone.Extensions.dll
Registered in 0.006396 seconds.
- Loaded All Assemblies, in  0.260 seconds
Native extension for WindowsStandalone target not found
Native extension for WebGL target not found
Mono: successfully reloaded assembly
- Finished resetting the current domain, in  0.215 seconds
Domain Reload Profiling: 475ms
	BeginReloadAssembly (64ms)
		ExecutionOrderSort (0ms)
		DisableScriptedObjects (0ms)
		BackupInstance (0ms)
		ReleaseScriptingObjects (0ms)
		CreateAndSetChildDomain (1ms)
	RebuildCommonClasses (25ms)
	RebuildNativeTypeToScriptingClass (8ms)
	initialDomainReloadingComplete (48ms)
	LoadAllAssembliesAndSetupDomain (114ms)
		LoadAssemblies (62ms)
		RebuildTransferFunctionScriptingTraits (0ms)
		AnalyzeDomain (110ms)
			TypeCache.Refresh (109ms)
				TypeCache.ScanAssembly (101ms)
			ScanForSourceGeneratedMonoScriptInfo (0ms)
			ResolveRequiredComponents (0ms)
	FinalizeReload (216ms)
		ReleaseScriptCaches (0ms)
		RebuildScriptCaches (0ms)
		SetupLoadedEditorAssemblies (171ms)
			LogAssemblyErrors (0ms)
			InitializePlatformSupportModulesInManaged (8ms)
			SetLoadedEditorAssemblies (5ms)
			RefreshPlugins (0ms)
			BeforeProcessingInitializeOnLoad (2ms)
			ProcessInitializeOnLoadAttributes (118ms)
			ProcessInitializeOnLoadMethodAttributes (38ms)
			AfterProcessingInitializeOnLoad (0ms)
			EditorAssembliesLoaded (0ms)
		ExecutionOrderSort2 (0ms)
		AwakeInstancesAfterBackupRestoration (0ms)
========================================================================
Worker process is ready to serve import requests
Begin MonoManager ReloadAssembly
Symbol file LoadedFromMemory doesn't match image C:\Users\Student\My project (1)\Library\PackageCache\com.unity.visualscripting@1.8.0\Editor\VisualScripting.Core\Dependencies\YamlDotNet\Unity.VisualScripting.YamlDotNet.dll
Symbol file LoadedFromMemory doesn't match image C:\Users\Student\My project (1)\Library\PackageCache\com.unity.visualscripting@1.8.0\Editor\VisualScripting.Core\Dependencies\DotNetZip\Unity.VisualScripting.IonicZip.dll
- Loaded All Assemblies, in  0.556 seconds
Refreshing native plugins compatible for Editor in 2.16 ms, found 3 plugins.
Native extension for WindowsStandalone target not found
Native extension for WebGL target not found
Mono: successfully reloaded assembly
- Finished resetting the current domain, in  0.399 seconds
Domain Reload Profiling: 953ms
	BeginReloadAssembly (107ms)
		ExecutionOrderSort (0ms)
		DisableScriptedObjects (5ms)
		BackupInstance (0ms)
		ReleaseScriptingObjects (0ms)
		CreateAndSetChildDomain (22ms)
	RebuildCommonClasses (25ms)
	RebuildNativeTypeToScriptingClass (7ms)
	initialDomainReloadingComplete (31ms)
	LoadAllAssembliesAndSetupDomain (383ms)
		LoadAssemblies (206ms)
		RebuildTransferFunctionScriptingTraits (0ms)
		AnalyzeDomain (221ms)
			TypeCache.Refresh (208ms)
				TypeCache.ScanAssembly (198ms)
			ScanForSourceGeneratedMonoScriptInfo (11ms)
			ResolveRequiredComponents (3ms)
	FinalizeReload (399ms)
		ReleaseScriptCaches (0ms)
		RebuildScriptCaches (0ms)
		SetupLoadedEditorAssemblies (279ms)
			LogAssemblyErrors (0ms)
			InitializePlatformSupportModulesInManaged (5ms)
			SetLoadedEditorAssemblies (4ms)
			RefreshPlugins (0ms)
			BeforeProcessingInitializeOnLoad (51ms)
			ProcessInitializeOnLoadAttributes (199ms)
			ProcessInitializeOnLoadMethodAttributes (15ms)
			AfterProcessingInitializeOnLoad (6ms)
			EditorAssembliesLoaded (0ms)
		ExecutionOrderSort2 (0ms)
		AwakeInstancesAfterBackupRestoration (5ms)
Launched and connected shader compiler UnityShaderCompiler.exe after 0.04 seconds
Refreshing native plugins compatible for Editor in 3.06 ms, found 3 plugins.
Preloading 0 native plugins for Editor in 0.00 ms.
Unloading 3065 Unused Serialized files (Serialized files now loaded: 0)
Unloading 31 unused Assets / (56.2 KB). Loaded Objects now: 3529.
Memory consumption went from 115.5 MB to 115.5 MB.
Total: 3.533600 ms (FindLiveObjects: 0.223900 ms CreateObjectMapping: 0.125000 ms MarkObjects: 3.066600 ms  DeleteObjects: 0.116900 ms)

AssetImportParameters requested are different than current active one (requested -> active):
  custom:container-demuxer-ogg: 62fdf1f143b41e24485cea50d1cbac27 -> 
  custom:video-codec-MediaFoundation-h265: 746d11721c4dcdbdad8f713fa42b33f4 -> 
  custom:video-decoder-ogg-theora: a1e56fd34408186e4bbccfd4996cb3dc -> 
  custom:framework-win-MediaFoundation: 216162199b28c13a410421893ffa2e32 -> 
  custom:CustomObjectIndexerAttribute: 756ad292c208cfabdd7b50bc23989ffe -> 
  custom:container-demuxer-webm: 4f35f7cbe854078d1ac9338744f61a02 -> 
  custom:container-muxer-webm: aa71ff27fc2769a1b78a27578f13a17b -> 
  custom:video-decoder-webm-vp8: 9c59270c3fd7afecdb556c50c9e8de78 -> 
  custom:AudioImporter_EditorPlatform: d09bf68614088b80899f8185d706f6e7 -> 
  custom:video-encoder-webm-vp8: eb34c28f22e8b96e1ab97ce403110664 -> 
  custom:audio-decoder-ogg-vorbis: bf7c407c2cedff20999df2af8eb42d56 -> 
  custom:audio-encoder-webm-vorbis: bf7c407c2cedff20999df2af8eb42d56 -> 
========================================================================
Received Import Request.
  Time since last request: 2414.210507 seconds.
  path: Assets/Scenes/Robot.zip.fbx
  artifactKey: Guid(aebaec75e5848d340bfa8bd39714793e) Importer(815301076,1909f56bfc062723c751e8b465ee728b)
Start importing Assets/Scenes/Robot.zip.fbx using Guid(aebaec75e5848d340bfa8bd39714793e) Importer(815301076,1909f56bfc062723c751e8b465ee728b)  -> (artifact id: '52b06fee8b48c3910c5c57231bd1d49a') in 0.270211 seconds
Number of updated asset objects reloaded before import = 0
Number of asset objects unloaded after import = 102
========================================================================
Received Import Request.
  Time since last request: 6.174099 seconds.
  path: Assets
  artifactKey: Guid(00000000000000001000000000000000) Importer(815301076,1909f56bfc062723c751e8b465ee728b)
Start importing Assets using Guid(00000000000000001000000000000000) Importer(815301076,1909f56bfc062723c751e8b465ee728b)  -> (artifact id: '8a4fe85251aa2e89732c359432baa2c3') in 0.000409 seconds
Number of updated asset objects reloaded before import = 0
Number of asset objects unloaded after import = 0
========================================================================
Received Import Request.
  Time since last request: 11.639838 seconds.
  path: Assets/FPX
  artifactKey: Guid(eb7134e3b0bc03f4296762a40871554e) Importer(815301076,1909f56bfc062723c751e8b465ee728b)
Start importing Assets/FPX using Guid(eb7134e3b0bc03f4296762a40871554e) Importer(815301076,1909f56bfc062723c751e8b465ee728b)  -> (artifact id: '0f93bec3408ec274462469a0329ba37b') in 0.000418 seconds
Number of updated asset objects reloaded before import = 0
Number of asset objects unloaded after import = 0
========================================================================
Received Import Request.
  Time since last request: 42.028316 seconds.
  path: Assets/FPX/Robot.zip.fbx
  artifactKey: Guid(aebaec75e5848d340bfa8bd39714793e) Importer(815301076,1909f56bfc062723c751e8b465ee728b)
Start importing Assets/FPX/Robot.zip.fbx using Guid(aebaec75e5848d340bfa8bd39714793e) Importer(815301076,1909f56bfc062723c751e8b465ee728b)  -> (artifact id: '17ddf8e303d082dd3d7b41d15879da73') in 0.072609 seconds
Number of updated asset objects reloaded before import = 0
Number of asset objects unloaded after import = 104
========================================================================
Received Import Request.
  Time since last request: 196.440448 seconds.
  path: Assets/FPX/Robot.zip (1).fbx
  artifactKey: Guid(503550b2096249e459ecaca3503c3c93) Importer(815301076,1909f56bfc062723c751e8b465ee728b)
Start importing Assets/FPX/Robot.zip (1).fbx using Guid(503550b2096249e459ecaca3503c3c93) Importer(815301076,1909f56bfc062723c751e8b465ee728b)  -> (artifact id: '2f394ed0d3ca23cccc17ec806d2e83d8') in 0.122099 seconds
Number of updated asset objects reloaded before import = 0
Number of asset objects unloaded after import = 103
========================================================================
Received Import Request.
  Time since last request: 10.688753 seconds.
  path: Assets/FPX/Robot.zip (1).fbx
  artifactKey: Guid(503550b2096249e459ecaca3503c3c93) Importer(815301076,1909f56bfc062723c751e8b465ee728b)
Start importing Assets/FPX/Robot.zip (1).fbx using Guid(503550b2096249e459ecaca3503c3c93) Importer(815301076,1909f56bfc062723c751e8b465ee728b)  -> (artifact id: '52b68c37e8736b8db99175ffa58e0dbc') in 0.029602 seconds
Number of updated asset objects reloaded before import = 0
Number of asset objects unloaded after import = 105
========================================================================
Received Import Request.
  Time since last request: 609.550843 seconds.
  path: Assets/FPX/Robot.zip@Offensive Idle.fbx
  artifactKey: Guid(81c137e221b9313408e26532968ab57f) Importer(815301076,1909f56bfc062723c751e8b465ee728b)
Start importing Assets/FPX/Robot.zip@Offensive Idle.fbx using Guid(81c137e221b9313408e26532968ab57f) Importer(815301076,1909f56bfc062723c751e8b465ee728b)  -> (artifact id: 'ca5ec8ab26cc895a9c1783b4eccaf24e') in 0.060293 seconds
Number of updated asset objects reloaded before import = 0
Number of asset objects unloaded after import = 103
========================================================================
Received Import Request.
  Time since last request: 15.814879 seconds.
  path: Assets/FPX/Robot.zip@Offensive Idle.fbx
  artifactKey: Guid(81c137e221b9313408e26532968ab57f) Importer(815301076,1909f56bfc062723c751e8b465ee728b)
Start importing Assets/FPX/Robot.zip@Offensive Idle.fbx using Guid(81c137e221b9313408e26532968ab57f) Importer(815301076,1909f56bfc062723c751e8b465ee728b)  -> (artifact id: '9142d431fa596b67492effb179366ca0') in 0.153396 seconds
Number of updated asset objects reloaded before import = 0
Number of asset objects unloaded after import = 105
========================================================================
Received Import Request.
  Time since last request: 57.448460 seconds.
  path: Assets/FPX/Robot.zip@Offensive Idle.fbx
  artifactKey: Guid(81c137e221b9313408e26532968ab57f) Importer(815301076,1909f56bfc062723c751e8b465ee728b)
Start importing Assets/FPX/Robot.zip@Offensive Idle.fbx using Guid(81c137e221b9313408e26532968ab57f) Importer(815301076,1909f56bfc062723c751e8b465ee728b)  -> (artifact id: '5156bbf24a284e1579371d1c75f8c440') in 0.189457 seconds
Number of updated asset objects reloaded before import = 0
Number of asset objects unloaded after import = 105
========================================================================
Received Import Request.
  Time since last request: 0.000017 seconds.
  path: Assets/FPX/Paint.mat
  artifactKey: Guid(09162ae41d9f44044a26e1651ffcdcbf) Importer(815301076,1909f56bfc062723c751e8b465ee728b)
Start importing Assets/FPX/Paint.mat using Guid(09162ae41d9f44044a26e1651ffcdcbf) Importer(815301076,1909f56bfc062723c751e8b465ee728b)  -> (artifact id: '62ec9ee04bb7b68a37feb756a6ebb87f') in 0.009956 seconds
Number of updated asset objects reloaded before import = 0
Number of asset objects unloaded after import = 1
========================================================================
Received Import Request.
  Time since last request: 0.000021 seconds.
  path: Assets/FPX/Metal.mat
  artifactKey: Guid(72dd737882a84434288a4961cbc9c8e9) Importer(815301076,1909f56bfc062723c751e8b465ee728b)
Start importing Assets/FPX/Metal.mat using Guid(72dd737882a84434288a4961cbc9c8e9) Importer(815301076,1909f56bfc062723c751e8b465ee728b)  -> (artifact id: '7f7f9deb4ed4098998abd6bd56f91fbb') in 0.008369 seconds
Number of updated asset objects reloaded before import = 0
Number of asset objects unloaded after import = 1
========================================================================
Received Import Request.
  Time since last request: 0.000011 seconds.
  path: Assets/FPX/Plastic.mat
  artifactKey: Guid(191bc4d4143d6c643bb27272a07e1680) Importer(815301076,1909f56bfc062723c751e8b465ee728b)
Start importing Assets/FPX/Plastic.mat using Guid(191bc4d4143d6c643bb27272a07e1680) Importer(815301076,1909f56bfc062723c751e8b465ee728b)  -> (artifact id: 'fea42885e010abe7da07298b234e125a') in 0.009354 seconds
Number of updated asset objects reloaded before import = 0
Number of asset objects unloaded after import = 1
========================================================================
Received Import Request.
  Time since last request: 6.259007 seconds.
  path: Assets/FPX/ID1_PaintMetal_albedo.jpg
  artifactKey: Guid(92e5912cfdeb9bc41b1dcc30015c222b) Importer(815301076,1909f56bfc062723c751e8b465ee728b)
Start importing Assets/FPX/ID1_PaintMetal_albedo.jpg using Guid(92e5912cfdeb9bc41b1dcc30015c222b) Importer(815301076,1909f56bfc062723c751e8b465ee728b)  -> (artifact id: 'b9ddf7508cc57003fd02b678ace80398') in 0.037847 seconds
Number of updated asset objects reloaded before import = 0
Number of asset objects unloaded after import = 2
========================================================================
Received Import Request.
  Time since last request: 0.000015 seconds.
  path: Assets/FPX/ID1_PaintMetal_normal.jpg
  artifactKey: Guid(0ffa4674b5a33ac43873187e0a97ccf5) Importer(815301076,1909f56bfc062723c751e8b465ee728b)
Start importing Assets/FPX/ID1_PaintMetal_normal.jpg using Guid(0ffa4674b5a33ac43873187e0a97ccf5) Importer(815301076,1909f56bfc062723c751e8b465ee728b)  -> (artifact id: '5dcf60c04947b0b230ef2deafd699caf') in 0.009667 seconds
Number of updated asset objects reloaded before import = 0
Number of asset objects unloaded after import = 2
========================================================================
Received Import Request.
  Time since last request: 0.000013 seconds.
  path: Assets/FPX/ID2_Metal_gloss.jpg
  artifactKey: Guid(79ff76bcd50bbac42a772d1878b0b40a) Importer(815301076,1909f56bfc062723c751e8b465ee728b)
Start importing Assets/FPX/ID2_Metal_gloss.jpg using Guid(79ff76bcd50bbac42a772d1878b0b40a) Importer(815301076,1909f56bfc062723c751e8b465ee728b)  -> (artifact id: '30e6ff7ae20f9ca8e23120573049a9bb') in 0.011426 seconds
Number of updated asset objects reloaded before import = 0
Number of asset objects unloaded after import = 2
========================================================================
Received Import Request.
  Time since last request: 0.000022 seconds.
  path: Assets/FPX/ID2_Metal_specular.jpg
  artifactKey: Guid(b557fa54c6fe8c14c9f6ec77cbe7a1a0) Importer(815301076,1909f56bfc062723c751e8b465ee728b)
Start importing Assets/FPX/ID2_Metal_specular.jpg using Guid(b557fa54c6fe8c14c9f6ec77cbe7a1a0) Importer(815301076,1909f56bfc062723c751e8b465ee728b)  -> (artifact id: 'c685d9938b2f0a292ef4bc12b27cee50') in 0.010949 seconds
Number of updated asset objects reloaded before import = 0
Number of asset objects unloaded after import = 2
========================================================================
Received Import Request.
  Time since last request: 0.000022 seconds.
  path: Assets/FPX/ID3_Rubber_gloss.jpg
  artifactKey: Guid(187c3700c07ecd545b267a9090559e93) Importer(815301076,1909f56bfc062723c751e8b465ee728b)
Start importing Assets/FPX/ID3_Rubber_gloss.jpg using Guid(187c3700c07ecd545b267a9090559e93) Importer(815301076,1909f56bfc062723c751e8b465ee728b)  -> (artifact id: 'c2b3c5a0fcc2de49b302c8f69f8fed4b') in 0.011368 seconds
Number of updated asset objects reloaded before import = 0
Number of asset objects unloaded after import = 2
========================================================================
Received Import Request.
  Time since last request: 0.000016 seconds.
  path: Assets/FPX/ID3_Rubber_ao.jpg
  artifactKey: Guid(0e2fca39276dc0644920a1e5ba80bd17) Importer(815301076,1909f56bfc062723c751e8b465ee728b)
Start importing Assets/FPX/ID3_Rubber_ao.jpg using Guid(0e2fca39276dc0644920a1e5ba80bd17) Importer(815301076,1909f56bfc062723c751e8b465ee728b)  -> (artifact id: 'bf3e0f065b7f432ab6fa5b3240d8a09e') in 0.010701 seconds
Number of updated asset objects reloaded before import = 0
Number of asset objects unloaded after import = 2
========================================================================
Received Import Request.
  Time since last request: 0.000022 seconds.
  path: Assets/FPX/ID3_Rubber_albedo.jpg
  artifactKey: Guid(60a145b1869b9594aaf51d256411c2ca) Importer(815301076,1909f56bfc062723c751e8b465ee728b)
Start importing Assets/FPX/ID3_Rubber_albedo.jpg using Guid(60a145b1869b9594aaf51d256411c2ca) Importer(815301076,1909f56bfc062723c751e8b465ee728b)  -> (artifact id: '2c1f3184424b7634cf55e6be47fff5af') in 0.010908 seconds
Number of updated asset objects reloaded before import = 0
Number of asset objects unloaded after import = 2
Editor requested this worker to shutdown with reason: Scaling down because of idle timeout
TcpMessagingSession - receive error: operation aborted. errorcode: 995, details: The I/O operation has been aborted because of either a thread exit or an application request.
AssetImportWorker is now disconnected from the server
Process exiting
Exiting without the bug reporter. Application will terminate with return code 0